<?xml version="1.0" encoding="UTF-8"?>
<!-- Generated by org.testng.reporters.JUnitXMLReporter -->
<testsuite ignored="0" hostname="itsMine" failures="0" tests="4" name="Default test" time="2.415" errors="0" timestamp="2024-12-01T17:32:17 EST">
  <testcase classname="com.example.api.ApiTest" name="testAllPosts" time="1.484"/>
  <testcase classname="com.example.api.ApiTest" name="testGetRequest" time="0.107"/>
  <testcase classname="com.example.api.ApiTest" name="testGetRequestImproved" time="0.109"/>
  <testcase classname="com.example.api.ApiTest" name="testPostRequest" time="0.681"/>
</testsuite> <!-- Default test -->
