<?xml version="1.0" encoding="UTF-8"?>
<testng-results ignored="0" total="4" passed="4" failed="0" skipped="0">
  <reporter-output>
  </reporter-output>
  <suite started-at="2024-12-01T17:32:14 EST" name="Default suite" finished-at="2024-12-01T17:32:17 EST" duration-ms="2415">
    <groups>
    </groups>
    <test started-at="2024-12-01T17:32:14 EST" name="Default test" finished-at="2024-12-01T17:32:17 EST" duration-ms="2415">
      <class name="com.example.api.ApiTest">
        <test-method signature="testAllPosts()[pri:0, instance:com.example.api.ApiTest@4facf68f]" started-at="2024-12-01T17:32:14 EST" name="testAllPosts" finished-at="2024-12-01T17:32:16 EST" duration-ms="1484" status="PASS">
          <reporter-output>
          </reporter-output>
        </test-method> <!-- testAllPosts -->
        <test-method signature="testGetRequest()[pri:0, instance:com.example.api.ApiTest@4facf68f]" started-at="2024-12-01T17:32:16 EST" name="testGetRequest" finished-at="2024-12-01T17:32:16 EST" duration-ms="107" status="PASS">
          <reporter-output>
          </reporter-output>
        </test-method> <!-- testGetRequest -->
        <test-method signature="testGetRequestImproved()[pri:0, instance:com.example.api.ApiTest@4facf68f]" started-at="2024-12-01T17:32:16 EST" name="testGetRequestImproved" finished-at="2024-12-01T17:32:16 EST" duration-ms="109" status="PASS">
          <reporter-output>
          </reporter-output>
        </test-method> <!-- testGetRequestImproved -->
        <test-method signature="testPostRequest()[pri:0, instance:com.example.api.ApiTest@4facf68f]" started-at="2024-12-01T17:32:16 EST" name="testPostRequest" finished-at="2024-12-01T17:32:17 EST" duration-ms="681" status="PASS">
          <reporter-output>
          </reporter-output>
        </test-method> <!-- testPostRequest -->
      </class> <!-- com.example.api.ApiTest -->
    </test> <!-- Default test -->
  </suite> <!-- Default suite -->
</testng-results>
